Arguments: 
  /usr/local/bin/node /usr/bin/yarn install

PATH: 
  /home/alucinare/Documents/TheCoderFactory/internship/NGNY/Annual Report Project/testReactRails/test-react-on-rails/node_modules/.bin:/home/alucinare/.config/yarn/link/node_modules/.bin:/home/alucinare/Documents/TheCoderFactory/internship/NGNY/Annual Report Project/testReactRails/test-react-on-rails/node_modules/.bin:/home/alucinare/.config/yarn/link/node_modules/.bin:/usr/lib/node_modules/yarn/bin/node-gyp-bin:/home/alucinare/.gvm/bin:/home/alucinare/.local/share/umake/bin:/home/alucinare/.rvm/gems/ruby-2.4.0/bin:/home/alucinare/.rvm/gems/ruby-2.4.0@global/bin:/usr/share/rvm/rubies/ruby-2.4.0/bin:/home/alucinare/.rvm/gems/ruby-2.4.0@testAnnRepApp/bin:/home/alucinare/.rvm/gems/ruby-2.4.0@global/bin:/home/alucinare/.rvm/gems/ruby-2.4.0/bin:/home/alucinare/.rvm/gems/ruby-2.4.0@global/bin:/home/alucinare/.rvm/gems/ruby-2.4.0@testAnnRepApp/bin:/home/alucinare/.rvm/gems/ruby-2.4.0@global/bin:/home/alucinare/.gvm/bin:/home/alucinare/.local/share/umake/bin:/home/alucinare/.rvm/gems/ruby-2.4.0/bin:/home/alucinare/.rvm/gems/ruby-2.4.0@global/bin:/home/alucinare/bin:/home/alucinare/.local/bin:/usr/local/sbin:/usr/local/bin:/usr/sbin:/usr/bin:/sbin:/bin:/usr/games:/usr/local/games:/snap/bin:/home/alucinare/.rvm/bin:/usr/share/rvm/bin

Yarn version: 
  0.23.4

Node version: 
  7.10.0

Platform: 
  linux x64

npm manifest: 
  {
    "name": "test_react_on_rails",
    "private": true,
    "scripts": {
      "build:test": "NODE_ENV=test webpack --config webpack.config.js",
      "build:production": "NODE_ENV=production webpack --config webpack.config.js",
      "build:development": "NODE_ENV=development webpack -w --config webpack.config.js"
    },
    "cacheDirectories": ["node_modules", "client/node_modules"],
    "dependencies": {
      "babel-cli": "^6.24.1",
      "babel-core": "^6.24.1",
      "babel-loader": "^6.3.2",
      "babel-runtime": "^6.23.0",
      "babel-polyfill": "^6.23.0",
      "babel-preset-es2015": "^6.24.1",
      "babel-preset-react": "^6.24.1",
      "babel-preset-stage-2": "^6.24.1",
      "es5-shim": "^4.5.9",
      "expose-loader": "^0.7.3",
      "imports-loader": "^0.7.1",
      "js-yaml": "^3.8.2",
      "react": "^15.5.4",
      "react-dom": "^15.5.4",
      "react-on-rails": "8.0.0",
      "webpack": "^2.3.3",
      "webpack-manifest-plugin": "^1.1.0"
    },
    "devDependencies": {
    }
  }

yarn manifest: 
  No manifest

Lockfile: 
  No lockfile

Trace: 
  Error: https://registry.yarnpkg.com/babel-core: ETIMEDOUT
      at Timeout._onTimeout (/usr/lib/node_modules/yarn/node_modules/request/request.js:852:19)
      at ontimeout (timers.js:386:14)
      at tryOnTimeout (timers.js:250:5)
      at Timer.listOnTimeout (timers.js:214:5)
